==2168018== Memcheck, a memory error detector
==2168018== Copyright (C) 2002-2017, and GNU GPL'd, by Julian Seward et al.
==2168018== Using Valgrind-3.18.1 and LibVEX; rerun with -h for copyright info
==2168018== Command: ./minishell
==2168018== Parent PID: 2168017
==2168018== 
==2168018== Conditional jump or move depends on uninitialised value(s)
==2168018==    at 0x111094: ft_strlen (ft_strlen.c:22)
==2168018==    by 0x110F2E: ft_strlcat (ft_strlcat.c:24)
==2168018==    by 0x11038D: copy_env (env_cpy.c:129)
==2168018==    by 0x10964F: main (main.c:75)
==2168018==  Uninitialised value was created by a heap allocation
==2168018==    at 0x4848899: malloc (in /usr/libexec/valgrind/vgpreload_memcheck-amd64-linux.so)
==2168018==    by 0x1102F7: copy_env (env_cpy.c:123)
==2168018==    by 0x10964F: main (main.c:75)
==2168018== 
==2168018== Conditional jump or move depends on uninitialised value(s)
==2168018==    at 0x111094: ft_strlen (ft_strlen.c:22)
==2168018==    by 0x110F2E: ft_strlcat (ft_strlcat.c:24)
==2168018==    by 0x10FFE4: set_shlvl (env_cpy.c:59)
==2168018==    by 0x1103D8: copy_env (env_cpy.c:132)
==2168018==    by 0x10964F: main (main.c:75)
==2168018==  Uninitialised value was created by a heap allocation
==2168018==    at 0x4848899: malloc (in /usr/libexec/valgrind/vgpreload_memcheck-amd64-linux.so)
==2168018==    by 0x10FF8C: set_shlvl (env_cpy.c:56)
==2168018==    by 0x1103D8: copy_env (env_cpy.c:132)
==2168018==    by 0x10964F: main (main.c:75)
==2168018== 
==2168018== Conditional jump or move depends on uninitialised value(s)
==2168018==    at 0x111094: ft_strlen (ft_strlen.c:22)
==2168018==    by 0x110F2E: ft_strlcat (ft_strlcat.c:24)
==2168018==    by 0x11038D: copy_env (env_cpy.c:129)
==2168018==    by 0x109689: main (main.c:80)
==2168018==  Uninitialised value was created by a heap allocation
==2168018==    at 0x4848899: malloc (in /usr/libexec/valgrind/vgpreload_memcheck-amd64-linux.so)
==2168018==    by 0x1102F7: copy_env (env_cpy.c:123)
==2168018==    by 0x109689: main (main.c:80)
==2168018== 
==2168019== 
==2168019== HEAP SUMMARY:
==2168019==     in use at exit: 215,828 bytes in 404 blocks
==2168019==   total heap usage: 635 allocs, 231 frees, 239,871 bytes allocated
==2168019== 
==2168019== LEAK SUMMARY:
==2168019==    definitely lost: 0 bytes in 0 blocks
==2168019==    indirectly lost: 0 bytes in 0 blocks
==2168019==      possibly lost: 0 bytes in 0 blocks
==2168019==    still reachable: 215,828 bytes in 404 blocks
==2168019==         suppressed: 0 bytes in 0 blocks
==2168019== Reachable blocks (those to which a pointer was found) are not shown.
==2168019== To see them, rerun with: --leak-check=full --show-leak-kinds=all
==2168019== 
==2168019== For lists of detected and suppressed errors, rerun with: -s
==2168019== ERROR SUMMARY: 136 errors from 3 contexts (suppressed: 0 from 0)
==2168018== Syscall param exit_group(status) contains uninitialised byte(s)
==2168018==    at 0x49B1C31: _Exit (_exit.c:30)
==2168018==    by 0x490C551: __run_exit_handlers (exit.c:136)
==2168018==    by 0x490C60F: exit (exit.c:143)
==2168018==    by 0x10EC87: exit_bltn (exit.c:63)
==2168018==    by 0x10E19C: exec_builtin (builtins.c:65)
==2168018==    by 0x10CA47: run_cmd (exec.c:31)
==2168018==    by 0x10CC65: exec_ast (exec.c:80)
==2168018==    by 0x109591: process_command (main.c:41)
==2168018==    by 0x1096F2: main (main.c:94)
==2168018==  Uninitialised value was created by a heap allocation
==2168018==    at 0x4848899: malloc (in /usr/libexec/valgrind/vgpreload_memcheck-amd64-linux.so)
==2168018==    by 0x10B8A2: create_ast_node (nodes.c:19)
==2168018==    by 0x10B952: create_command_node (nodes.c:39)
==2168018==    by 0x10BDF8: parse_simple_command (simple_command.c:110)
==2168018==    by 0x10B7E5: parse_command_line (parsing.c:94)
==2168018==    by 0x10B2A8: create_ast (ast_builder.c:32)
==2168018==    by 0x10A736: parse_input (parse.c:33)
==2168018==    by 0x109561: process_command (main.c:36)
==2168018==    by 0x1096F2: main (main.c:94)
==2168018== 
==2168018== 
==2168018== HEAP SUMMARY:
==2168018==     in use at exit: 215,029 bytes in 380 blocks
==2168018==   total heap usage: 664 allocs, 284 frees, 240,554 bytes allocated
==2168018== 
==2168018== 24 bytes in 1 blocks are definitely lost in loss record 16 of 77
==2168018==    at 0x4848899: malloc (in /usr/libexec/valgrind/vgpreload_memcheck-amd64-linux.so)
==2168018==    by 0x10B9BE: create_operator_node (nodes.c:54)
==2168018==    by 0x10B87F: parse_command_line (parsing.c:100)
==2168018==    by 0x10B868: parse_command_line (parsing.c:100)
==2168018==    by 0x10B2A8: create_ast (ast_builder.c:32)
==2168018==    by 0x10A736: parse_input (parse.c:33)
==2168018==    by 0x109561: process_command (main.c:36)
==2168018==    by 0x1096F2: main (main.c:94)
==2168018== 
==2168018== 24 bytes in 1 blocks are definitely lost in loss record 17 of 77
==2168018==    at 0x4848899: malloc (in /usr/libexec/valgrind/vgpreload_memcheck-amd64-linux.so)
==2168018==    by 0x10B9BE: create_operator_node (nodes.c:54)
==2168018==    by 0x10B87F: parse_command_line (parsing.c:100)
==2168018==    by 0x10B2A8: create_ast (ast_builder.c:32)
==2168018==    by 0x10A736: parse_input (parse.c:33)
==2168018==    by 0x109561: process_command (main.c:36)
==2168018==    by 0x1096F2: main (main.c:94)
==2168018== 
==2168018== LEAK SUMMARY:
==2168018==    definitely lost: 48 bytes in 2 blocks
==2168018==    indirectly lost: 0 bytes in 0 blocks
==2168018==      possibly lost: 0 bytes in 0 blocks
==2168018==    still reachable: 214,981 bytes in 378 blocks
==2168018==         suppressed: 0 bytes in 0 blocks
==2168018== Reachable blocks (those to which a pointer was found) are not shown.
==2168018== To see them, rerun with: --leak-check=full --show-leak-kinds=all
==2168018== 
==2168018== For lists of detected and suppressed errors, rerun with: -s
==2168018== ERROR SUMMARY: 139 errors from 6 contexts (suppressed: 0 from 0)
