==2167973== Memcheck, a memory error detector
==2167973== Copyright (C) 2002-2017, and GNU GPL'd, by Julian Seward et al.
==2167973== Using Valgrind-3.18.1 and LibVEX; rerun with -h for copyright info
==2167973== Command: ./minishell
==2167973== Parent PID: 2167972
==2167973== 
==2167973== Conditional jump or move depends on uninitialised value(s)
==2167973==    at 0x111094: ft_strlen (ft_strlen.c:22)
==2167973==    by 0x110F2E: ft_strlcat (ft_strlcat.c:24)
==2167973==    by 0x11038D: copy_env (env_cpy.c:129)
==2167973==    by 0x10964F: main (main.c:75)
==2167973==  Uninitialised value was created by a heap allocation
==2167973==    at 0x4848899: malloc (in /usr/libexec/valgrind/vgpreload_memcheck-amd64-linux.so)
==2167973==    by 0x1102F7: copy_env (env_cpy.c:123)
==2167973==    by 0x10964F: main (main.c:75)
==2167973== 
==2167973== Conditional jump or move depends on uninitialised value(s)
==2167973==    at 0x111094: ft_strlen (ft_strlen.c:22)
==2167973==    by 0x110F2E: ft_strlcat (ft_strlcat.c:24)
==2167973==    by 0x10FFE4: set_shlvl (env_cpy.c:59)
==2167973==    by 0x1103D8: copy_env (env_cpy.c:132)
==2167973==    by 0x10964F: main (main.c:75)
==2167973==  Uninitialised value was created by a heap allocation
==2167973==    at 0x4848899: malloc (in /usr/libexec/valgrind/vgpreload_memcheck-amd64-linux.so)
==2167973==    by 0x10FF8C: set_shlvl (env_cpy.c:56)
==2167973==    by 0x1103D8: copy_env (env_cpy.c:132)
==2167973==    by 0x10964F: main (main.c:75)
==2167973== 
==2167973== Conditional jump or move depends on uninitialised value(s)
==2167973==    at 0x111094: ft_strlen (ft_strlen.c:22)
==2167973==    by 0x110F2E: ft_strlcat (ft_strlcat.c:24)
==2167973==    by 0x11038D: copy_env (env_cpy.c:129)
==2167973==    by 0x109689: main (main.c:80)
==2167973==  Uninitialised value was created by a heap allocation
==2167973==    at 0x4848899: malloc (in /usr/libexec/valgrind/vgpreload_memcheck-amd64-linux.so)
==2167973==    by 0x1102F7: copy_env (env_cpy.c:123)
==2167973==    by 0x109689: main (main.c:80)
==2167973== 
==2167973== Syscall param exit_group(status) contains uninitialised byte(s)
==2167973==    at 0x49B1C31: _Exit (_exit.c:30)
==2167973==    by 0x490C551: __run_exit_handlers (exit.c:136)
==2167973==    by 0x490C60F: exit (exit.c:143)
==2167973==    by 0x10EC87: exit_bltn (exit.c:63)
==2167973==    by 0x10E19C: exec_builtin (builtins.c:65)
==2167973==    by 0x10CA47: run_cmd (exec.c:31)
==2167973==    by 0x10CC65: exec_ast (exec.c:80)
==2167973==    by 0x109591: process_command (main.c:41)
==2167973==    by 0x1096F2: main (main.c:94)
==2167973==  Uninitialised value was created by a heap allocation
==2167973==    at 0x4848899: malloc (in /usr/libexec/valgrind/vgpreload_memcheck-amd64-linux.so)
==2167973==    by 0x10B8A2: create_ast_node (nodes.c:19)
==2167973==    by 0x10B952: create_command_node (nodes.c:39)
==2167973==    by 0x10BDF8: parse_simple_command (simple_command.c:110)
==2167973==    by 0x10B7E5: parse_command_line (parsing.c:94)
==2167973==    by 0x10B2A8: create_ast (ast_builder.c:32)
==2167973==    by 0x10A736: parse_input (parse.c:33)
==2167973==    by 0x109561: process_command (main.c:36)
==2167973==    by 0x1096F2: main (main.c:94)
==2167973== 
==2167973== 
==2167973== HEAP SUMMARY:
==2167973==     in use at exit: 214,998 bytes in 380 blocks
==2167973==   total heap usage: 645 allocs, 265 frees, 239,968 bytes allocated
==2167973== 
==2167973== 10 bytes in 1 blocks are definitely lost in loss record 6 of 77
==2167973==    at 0x4848899: malloc (in /usr/libexec/valgrind/vgpreload_memcheck-amd64-linux.so)
==2167973==    by 0x10C4B9: ft_strdup (utils.c:125)
==2167973==    by 0x10BCC5: extract_redirections (simple_command.c:80)
==2167973==    by 0x10BE2C: parse_simple_command (simple_command.c:116)
==2167973==    by 0x10B7E5: parse_command_line (parsing.c:94)
==2167973==    by 0x10B2A8: create_ast (ast_builder.c:32)
==2167973==    by 0x10A736: parse_input (parse.c:33)
==2167973==    by 0x109561: process_command (main.c:36)
==2167973==    by 0x1096F2: main (main.c:94)
==2167973== 
==2167973== 16 bytes in 1 blocks are definitely lost in loss record 14 of 77
==2167973==    at 0x4848899: malloc (in /usr/libexec/valgrind/vgpreload_memcheck-amd64-linux.so)
==2167973==    by 0x10BC1C: extract_redirections (simple_command.c:65)
==2167973==    by 0x10BE2C: parse_simple_command (simple_command.c:116)
==2167973==    by 0x10B7E5: parse_command_line (parsing.c:94)
==2167973==    by 0x10B2A8: create_ast (ast_builder.c:32)
==2167973==    by 0x10A736: parse_input (parse.c:33)
==2167973==    by 0x109561: process_command (main.c:36)
==2167973==    by 0x1096F2: main (main.c:94)
==2167973== 
==2167973== LEAK SUMMARY:
==2167973==    definitely lost: 26 bytes in 2 blocks
==2167973==    indirectly lost: 0 bytes in 0 blocks
==2167973==      possibly lost: 0 bytes in 0 blocks
==2167973==    still reachable: 214,972 bytes in 378 blocks
==2167973==         suppressed: 0 bytes in 0 blocks
==2167973== Reachable blocks (those to which a pointer was found) are not shown.
==2167973== To see them, rerun with: --leak-check=full --show-leak-kinds=all
==2167973== 
==2167973== For lists of detected and suppressed errors, rerun with: -s
==2167973== ERROR SUMMARY: 139 errors from 6 contexts (suppressed: 0 from 0)
