==2167910== Memcheck, a memory error detector
==2167910== Copyright (C) 2002-2017, and GNU GPL'd, by Julian Seward et al.
==2167910== Using Valgrind-3.18.1 and LibVEX; rerun with -h for copyright info
==2167910== Command: ./minishell
==2167910== Parent PID: 2167909
==2167910== 
==2167910== Conditional jump or move depends on uninitialised value(s)
==2167910==    at 0x111094: ft_strlen (ft_strlen.c:22)
==2167910==    by 0x110F2E: ft_strlcat (ft_strlcat.c:24)
==2167910==    by 0x11038D: copy_env (env_cpy.c:129)
==2167910==    by 0x10964F: main (main.c:75)
==2167910==  Uninitialised value was created by a heap allocation
==2167910==    at 0x4848899: malloc (in /usr/libexec/valgrind/vgpreload_memcheck-amd64-linux.so)
==2167910==    by 0x1102F7: copy_env (env_cpy.c:123)
==2167910==    by 0x10964F: main (main.c:75)
==2167910== 
==2167910== Conditional jump or move depends on uninitialised value(s)
==2167910==    at 0x111094: ft_strlen (ft_strlen.c:22)
==2167910==    by 0x110F2E: ft_strlcat (ft_strlcat.c:24)
==2167910==    by 0x10FFE4: set_shlvl (env_cpy.c:59)
==2167910==    by 0x1103D8: copy_env (env_cpy.c:132)
==2167910==    by 0x10964F: main (main.c:75)
==2167910==  Uninitialised value was created by a heap allocation
==2167910==    at 0x4848899: malloc (in /usr/libexec/valgrind/vgpreload_memcheck-amd64-linux.so)
==2167910==    by 0x10FF8C: set_shlvl (env_cpy.c:56)
==2167910==    by 0x1103D8: copy_env (env_cpy.c:132)
==2167910==    by 0x10964F: main (main.c:75)
==2167910== 
==2167910== Conditional jump or move depends on uninitialised value(s)
==2167910==    at 0x111094: ft_strlen (ft_strlen.c:22)
==2167910==    by 0x110F2E: ft_strlcat (ft_strlcat.c:24)
==2167910==    by 0x11038D: copy_env (env_cpy.c:129)
==2167910==    by 0x109689: main (main.c:80)
==2167910==  Uninitialised value was created by a heap allocation
==2167910==    at 0x4848899: malloc (in /usr/libexec/valgrind/vgpreload_memcheck-amd64-linux.so)
==2167910==    by 0x1102F7: copy_env (env_cpy.c:123)
==2167910==    by 0x109689: main (main.c:80)
==2167910== 
==2167910== Syscall param exit_group(status) contains uninitialised byte(s)
==2167910==    at 0x49B1C31: _Exit (_exit.c:30)
==2167910==    by 0x490C551: __run_exit_handlers (exit.c:136)
==2167910==    by 0x490C60F: exit (exit.c:143)
==2167910==    by 0x10EC87: exit_bltn (exit.c:63)
==2167910==    by 0x10E19C: exec_builtin (builtins.c:65)
==2167910==    by 0x10CA47: run_cmd (exec.c:31)
==2167910==    by 0x10CC65: exec_ast (exec.c:80)
==2167910==    by 0x109591: process_command (main.c:41)
==2167910==    by 0x1096F2: main (main.c:94)
==2167910==  Uninitialised value was created by a heap allocation
==2167910==    at 0x4848899: malloc (in /usr/libexec/valgrind/vgpreload_memcheck-amd64-linux.so)
==2167910==    by 0x10B8A2: create_ast_node (nodes.c:19)
==2167910==    by 0x10B952: create_command_node (nodes.c:39)
==2167910==    by 0x10BDF8: parse_simple_command (simple_command.c:110)
==2167910==    by 0x10B7E5: parse_command_line (parsing.c:94)
==2167910==    by 0x10B2A8: create_ast (ast_builder.c:32)
==2167910==    by 0x10A736: parse_input (parse.c:33)
==2167910==    by 0x109561: process_command (main.c:36)
==2167910==    by 0x1096F2: main (main.c:94)
==2167910== 
==2167910== 
==2167910== HEAP SUMMARY:
==2167910==     in use at exit: 214,967 bytes in 378 blocks
==2167910==   total heap usage: 640 allocs, 262 frees, 239,799 bytes allocated
==2167910== 
==2167910== LEAK SUMMARY:
==2167910==    definitely lost: 0 bytes in 0 blocks
==2167910==    indirectly lost: 0 bytes in 0 blocks
==2167910==      possibly lost: 0 bytes in 0 blocks
==2167910==    still reachable: 214,967 bytes in 378 blocks
==2167910==         suppressed: 0 bytes in 0 blocks
==2167910== Reachable blocks (those to which a pointer was found) are not shown.
==2167910== To see them, rerun with: --leak-check=full --show-leak-kinds=all
==2167910== 
==2167910== For lists of detected and suppressed errors, rerun with: -s
==2167910== ERROR SUMMARY: 137 errors from 4 contexts (suppressed: 0 from 0)
