==2162992== Memcheck, a memory error detector
==2162992== Copyright (C) 2002-2017, and GNU GPL'd, by Julian Seward et al.
==2162992== Using Valgrind-3.18.1 and LibVEX; rerun with -h for copyright info
==2162992== Command: ./minishell
==2162992== 
==2162992== Conditional jump or move depends on uninitialised value(s)
==2162992==    at 0x111094: ft_strlen (ft_strlen.c:22)
==2162992==    by 0x110F2E: ft_strlcat (ft_strlcat.c:24)
==2162992==    by 0x11038D: copy_env (env_cpy.c:129)
==2162992==    by 0x10964F: main (main.c:75)
==2162992==  Uninitialised value was created by a heap allocation
==2162992==    at 0x4848899: malloc (in /usr/libexec/valgrind/vgpreload_memcheck-amd64-linux.so)
==2162992==    by 0x1102F7: copy_env (env_cpy.c:123)
==2162992==    by 0x10964F: main (main.c:75)
==2162992== 
==2162992== Conditional jump or move depends on uninitialised value(s)
==2162992==    at 0x111094: ft_strlen (ft_strlen.c:22)
==2162992==    by 0x110F2E: ft_strlcat (ft_strlcat.c:24)
==2162992==    by 0x10FFE4: set_shlvl (env_cpy.c:59)
==2162992==    by 0x1103D8: copy_env (env_cpy.c:132)
==2162992==    by 0x10964F: main (main.c:75)
==2162992==  Uninitialised value was created by a heap allocation
==2162992==    at 0x4848899: malloc (in /usr/libexec/valgrind/vgpreload_memcheck-amd64-linux.so)
==2162992==    by 0x10FF8C: set_shlvl (env_cpy.c:56)
==2162992==    by 0x1103D8: copy_env (env_cpy.c:132)
==2162992==    by 0x10964F: main (main.c:75)
==2162992== 
==2162992== Conditional jump or move depends on uninitialised value(s)
==2162992==    at 0x111094: ft_strlen (ft_strlen.c:22)
==2162992==    by 0x110F2E: ft_strlcat (ft_strlcat.c:24)
==2162992==    by 0x11038D: copy_env (env_cpy.c:129)
==2162992==    by 0x109689: main (main.c:80)
==2162992==  Uninitialised value was created by a heap allocation
==2162992==    at 0x4848899: malloc (in /usr/libexec/valgrind/vgpreload_memcheck-amd64-linux.so)
==2162992==    by 0x1102F7: copy_env (env_cpy.c:123)
==2162992==    by 0x109689: main (main.c:80)
==2162992== 
==2162992== 
==2162992== HEAP SUMMARY:
==2162992==     in use at exit: 211,414 bytes in 293 blocks
==2162992==   total heap usage: 618 allocs, 325 frees, 236,175 bytes allocated
==2162992== 
==2162992== 3,186 (544 direct, 2,642 indirect) bytes in 1 blocks are definitely lost in loss record 44 of 69
==2162992==    at 0x4848899: malloc (in /usr/libexec/valgrind/vgpreload_memcheck-amd64-linux.so)
==2162992==    by 0x110295: copy_env (env_cpy.c:117)
==2162992==    by 0x109689: main (main.c:80)
==2162992== 
==2162992== LEAK SUMMARY:
==2162992==    definitely lost: 544 bytes in 1 blocks
==2162992==    indirectly lost: 2,642 bytes in 67 blocks
==2162992==      possibly lost: 0 bytes in 0 blocks
==2162992==    still reachable: 208,228 bytes in 225 blocks
==2162992==         suppressed: 0 bytes in 0 blocks
==2162992== Reachable blocks (those to which a pointer was found) are not shown.
==2162992== To see them, rerun with: --leak-check=full --show-leak-kinds=all
==2162992== 
==2162992== For lists of detected and suppressed errors, rerun with: -s
==2162992== ERROR SUMMARY: 137 errors from 4 contexts (suppressed: 0 from 0)
